# JRE version: OpenJDK Runtime Environment Temurin-17.0.10+7 (17.0.10+7) (build 17.0.10+7)
# Java VM: OpenJDK 64-Bit Server VM Temurin-17.0.10+7 (17.0.10+7, mixed mode, tiered, compressed oops, compressed class ptrs, parallel gc, linux-amd64)
GC Precious Log:
 CPUs: 8 total, 8 available
 Memory: 15940M
 Large Page Support: Disabled
 NUMA Support: Disabled
 Compressed Oops: Enabled (32-bit)
 Alignments: Space 512K, Generation 512K, Heap 2M
 Heap Min Capacity: 100M
 Heap Initial Capacity: 100M
 Heap Max Capacity: 1G
 Pre-touch: Disabled
 Parallel Workers: 8
Heap:
 PSYoungGen      total 23552K, used 9589K [0x00000000eab00000, 0x00000000ec880000, 0x0000000100000000)
  eden space 17920K, 24% used [0x00000000eab00000,0x00000000eaf4abd8,0x00000000ebc80000)
  from space 5632K, 92% used [0x00000000ebc80000,0x00000000ec192b70,0x00000000ec200000)
  to   space 6144K, 0% used [0x00000000ec280000,0x00000000ec280000,0x00000000ec880000)
 ParOldGen       total 117248K, used 107668K [0x00000000c0000000, 0x00000000c7280000, 0x00000000eab00000)
  object space 117248K, 91% used [0x00000000c0000000,0x00000000c6925088,0x00000000c7280000)
 Metaspace       used 100370K, committed 101696K, reserved 1179648K
  class space    used 10417K, committed 11008K, reserved 1048576K
GC Heap History (20 events):
Event: 1300.443 GC heap before
{Heap before GC invocations=3923 (full 111):
 PSYoungGen      total 23040K, used 22771K [0x00000000eab00000, 0x00000000ec600000, 0x0000000100000000)
  eden space 18432K, 100% used [0x00000000eab00000,0x00000000ebd00000,0x00000000ebd00000)
  from space 4608K, 94% used [0x00000000ebf00000,0x00000000ec33ce68,0x00000000ec380000)
  to   space 2560K, 0% used [0x00000000ec380000,0x00000000ec380000,0x00000000ec600000)
 ParOldGen       total 117248K, used 99128K [0x00000000c0000000, 0x00000000c7280000, 0x00000000eab00000)
  object space 117248K, 84% used [0x00000000c0000000,0x00000000c60ce130,0x00000000c7280000)
 Metaspace       used 100300K, committed 101632K, reserved 1179648K
  class space    used 10417K, committed 11008K, reserved 1048576K
}
Event: 1300.445 GC heap after
{Heap after GC invocations=3923 (full 111):
 PSYoungGen      total 20992K, used 2538K [0x00000000eab00000, 0x00000000ec600000, 0x0000000100000000)
  eden space 18432K, 0% used [0x00000000eab00000,0x00000000eab00000,0x00000000ebd00000)
  from space 2560K, 99% used [0x00000000ec380000,0x00000000ec5fa9d8,0x00000000ec600000)
  to   space 4608K, 0% used [0x00000000ebd00000,0x00000000ebd00000,0x00000000ec180000)
 ParOldGen       total 117248K, used 100697K [0x00000000c0000000, 0x00000000c7280000, 0x00000000eab00000)
  object space 117248K, 85% used [0x00000000c0000000,0x00000000c62565a0,0x00000000c7280000)
 Metaspace       used 100300K, committed 101632K, reserved 1179648K
  class space    used 10417K, committed 11008K, reserved 1048576K
}
Event: 1300.484 GC heap before
{Heap before GC invocations=3924 (full 111):
 PSYoungGen      total 20992K, used 20970K [0x00000000eab00000, 0x00000000ec600000, 0x0000000100000000)
  eden space 18432K, 100% used [0x00000000eab00000,0x00000000ebd00000,0x00000000ebd00000)
  from space 2560K, 99% used [0x00000000ec380000,0x00000000ec5fa9d8,0x00000000ec600000)
  to   space 4608K, 0% used [0x00000000ebd00000,0x00000000ebd00000,0x00000000ec180000)
 ParOldGen       total 117248K, used 100697K [0x00000000c0000000, 0x00000000c7280000, 0x00000000eab00000)
  object space 117248K, 85% used [0x00000000c0000000,0x00000000c62565a0,0x00000000c7280000)
 Metaspace       used 100325K, committed 101632K, reserved 1179648K
  class space    used 10417K, committed 11008K, reserved 1048576K
}
Event: 1300.485 GC heap after
{Heap after GC invocations=3924 (full 111):
 PSYoungGen      total 21504K, used 2714K [0x00000000eab00000, 0x00000000ec400000, 0x0000000100000000)
  eden space 18432K, 0% used [0x00000000eab00000,0x00000000eab00000,0x00000000ebd00000)
  from space 3072K, 88% used [0x00000000ebd00000,0x00000000ebfa6a28,0x00000000ec000000)
  to   space 3584K, 0% used [0x00000000ec080000,0x00000000ec080000,0x00000000ec400000)
 ParOldGen       total 117248K, used 100697K [0x00000000c0000000, 0x00000000c7280000, 0x00000000eab00000)
  object space 117248K, 85% used [0x00000000c0000000,0x00000000c62565a0,0x00000000c7280000)
 Metaspace       used 100325K, committed 101632K, reserved 1179648K
  class space    used 10417K, committed 11008K, reserved 1048576K
}
Event: 1301.160 GC heap before
{Heap before GC invocations=3925 (full 111):
 PSYoungGen      total 21504K, used 21146K [0x00000000eab00000, 0x00000000ec400000, 0x0000000100000000)
  eden space 18432K, 100% used [0x00000000eab00000,0x00000000ebd00000,0x00000000ebd00000)
  from space 3072K, 88% used [0x00000000ebd00000,0x00000000ebfa6a28,0x00000000ec000000)
  to   space 3584K, 0% used [0x00000000ec080000,0x00000000ec080000,0x00000000ec400000)
 ParOldGen       total 117248K, used 100697K [0x00000000c0000000, 0x00000000c7280000, 0x00000000eab00000)
  object space 117248K, 85% used [0x00000000c0000000,0x00000000c62565a0,0x00000000c7280000)
 Metaspace       used 100350K, committed 101696K, reserved 1179648K
  class space    used 10417K, committed 11008K, reserved 1048576K
}
Event: 1301.162 GC heap after
{Heap after GC invocations=3925 (full 111):
 PSYoungGen      total 21504K, used 3568K [0x00000000eab00000, 0x00000000ec500000, 0x0000000100000000)
  eden space 17920K, 0% used [0x00000000eab00000,0x00000000eab00000,0x00000000ebc80000)
  from space 3584K, 99% used [0x00000000ec080000,0x00000000ec3fc340,0x00000000ec400000)
  to   space 4096K, 0% used [0x00000000ebc80000,0x00000000ebc80000,0x00000000ec080000)
 ParOldGen       total 117248K, used 100921K [0x00000000c0000000, 0x00000000c7280000, 0x00000000eab00000)
  object space 117248K, 86% used [0x00000000c0000000,0x00000000c628e5b0,0x00000000c7280000)
 Metaspace       used 100350K, committed 101696K, reserved 1179648K
  class space    used 10417K, committed 11008K, reserved 1048576K
}
Event: 1301.202 GC heap before
{Heap before GC invocations=3926 (full 111):
 PSYoungGen      total 21504K, used 21488K [0x00000000eab00000, 0x00000000ec500000, 0x0000000100000000)
  eden space 17920K, 100% used [0x00000000eab00000,0x00000000ebc80000,0x00000000ebc80000)
  from space 3584K, 99% used [0x00000000ec080000,0x00000000ec3fc340,0x00000000ec400000)
  to   space 4096K, 0% used [0x00000000ebc80000,0x00000000ebc80000,0x00000000ec080000)
 ParOldGen       total 117248K, used 100921K [0x00000000c0000000, 0x00000000c7280000, 0x00000000eab00000)
  object space 117248K, 86% used [0x00000000c0000000,0x00000000c628e5b0,0x00000000c7280000)
 Metaspace       used 100357K, committed 101696K, reserved 1179648K
  class space    used 10417K, committed 11008K, reserved 1048576K
}
Event: 1301.206 GC heap after
{Heap after GC invocations=3926 (full 111):
 PSYoungGen      total 22016K, used 4069K [0x00000000eab00000, 0x00000000ecf80000, 0x0000000100000000)
  eden space 17920K, 0% used [0x00000000eab00000,0x00000000eab00000,0x00000000ebc80000)
  from space 4096K, 99% used [0x00000000ebc80000,0x00000000ec079538,0x00000000ec080000)
  to   space 9728K, 0% used [0x00000000ec600000,0x00000000ec600000,0x00000000ecf80000)
 ParOldGen       total 117248K, used 105630K [0x00000000c0000000, 0x00000000c7280000, 0x00000000eab00000)
  object space 117248K, 90% used [0x00000000c0000000,0x00000000c6727b88,0x00000000c7280000)
 Metaspace       used 100357K, committed 101696K, reserved 1179648K
  class space    used 10417K, committed 11008K, reserved 1048576K
}
Event: 1301.240 GC heap before
{Heap before GC invocations=3927 (full 111):
 PSYoungGen      total 22016K, used 21989K [0x00000000eab00000, 0x00000000ecf80000, 0x0000000100000000)
  eden space 17920K, 100% used [0x00000000eab00000,0x00000000ebc80000,0x00000000ebc80000)
  from space 4096K, 99% used [0x00000000ebc80000,0x00000000ec079538,0x00000000ec080000)
  to   space 9728K, 0% used [0x00000000ec600000,0x00000000ec600000,0x00000000ecf80000)
 ParOldGen       total 117248K, used 105630K [0x00000000c0000000, 0x00000000c7280000, 0x00000000eab00000)
  object space 117248K, 90% used [0x00000000c0000000,0x00000000c6727b88,0x00000000c7280000)
 Metaspace       used 100357K, committed 101696K, reserved 1179648K
  class space    used 10417K, committed 11008K, reserved 1048576K
}
Event: 1301.246 GC heap after
{Heap after GC invocations=3927 (full 111):
 PSYoungGen      total 23552K, used 5535K [0x00000000eab00000, 0x00000000ecb80000, 0x0000000100000000)
  eden space 17920K, 0% used [0x00000000eab00000,0x00000000eab00000,0x00000000ebc80000)
  from space 5632K, 98% used [0x00000000ec600000,0x00000000ecb67ef8,0x00000000ecb80000)
  to   space 7168K, 0% used [0x00000000ebd80000,0x00000000ebd80000,0x00000000ec480000)
 ParOldGen       total 117248K, used 105630K [0x00000000c0000000, 0x00000000c7280000, 0x00000000eab00000)
  object space 117248K, 90% used [0x00000000c0000000,0x00000000c6727b88,0x00000000c7280000)
 Metaspace       used 100357K, committed 101696K, reserved 1179648K
  class space    used 10417K, committed 11008K, reserved 1048576K
}
Event: 1301.439 GC heap before
{Heap before GC invocations=3928 (full 111):
 PSYoungGen      total 23552K, used 23455K [0x00000000eab00000, 0x00000000ecb80000, 0x0000000100000000)
  eden space 17920K, 99% used [0x00000000eab00000,0x00000000ebc7ffe8,0x00000000ebc80000)
  from space 5632K, 98% used [0x00000000ec600000,0x00000000ecb67ef8,0x00000000ecb80000)
  to   space 7168K, 0% used [0x00000000ebd80000,0x00000000ebd80000,0x00000000ec480000)
 ParOldGen       total 117248K, used 105630K [0x00000000c0000000, 0x00000000c7280000, 0x00000000eab00000)
  object space 117248K, 90% used [0x00000000c0000000,0x00000000c6727b88,0x00000000c7280000)
 Metaspace       used 100357K, committed 101696K, reserved 1179648K
  class space    used 10417K, committed 11008K, reserved 1048576K
}
Event: 1301.443 GC heap after
{Heap after GC invocations=3928 (full 111):
 PSYoungGen      total 25088K, used 6821K [0x00000000eab00000, 0x00000000eca80000, 0x0000000100000000)
  eden space 17920K, 0% used [0x00000000eab00000,0x00000000eab00000,0x00000000ebc80000)
  from space 7168K, 95% used [0x00000000ebd80000,0x00000000ec429590,0x00000000ec480000)
  to   space 6144K, 0% used [0x00000000ec480000,0x00000000ec480000,0x00000000eca80000)
 ParOldGen       total 117248K, used 105630K [0x00000000c0000000, 0x00000000c7280000, 0x00000000eab00000)
  object space 117248K, 90% used [0x00000000c0000000,0x00000000c6727b88,0x00000000c7280000)
 Metaspace       used 100357K, committed 101696K, reserved 1179648K
  class space    used 10417K, committed 11008K, reserved 1048576K
}
Event: 1301.794 GC heap before
{Heap before GC invocations=3929 (full 111):
 PSYoungGen      total 25088K, used 24738K [0x00000000eab00000, 0x00000000eca80000, 0x0000000100000000)
  eden space 17920K, 99% used [0x00000000eab00000,0x00000000ebc7f528,0x00000000ebc80000)
  from space 7168K, 95% used [0x00000000ebd80000,0x00000000ec429590,0x00000000ec480000)
  to   space 6144K, 0% used [0x00000000ec480000,0x00000000ec480000,0x00000000eca80000)
 ParOldGen       total 117248K, used 105630K [0x00000000c0000000, 0x00000000c7280000, 0x00000000eab00000)
  object space 117248K, 90% used [0x00000000c0000000,0x00000000c6727b88,0x00000000c7280000)
 Metaspace       used 100359K, committed 101696K, reserved 1179648K
  class space    used 10417K, committed 11008K, reserved 1048576K
}
Event: 1301.797 GC heap after
{Heap after GC invocations=3929 (full 111):
 PSYoungGen      total 23552K, used 5567K [0x00000000eab00000, 0x00000000eca00000, 0x0000000100000000)
  eden space 17920K, 0% used [0x00000000eab00000,0x00000000eab00000,0x00000000ebc80000)
  from space 5632K, 98% used [0x00000000ec480000,0x00000000ec9eff38,0x00000000eca00000)
  to   space 6144K, 0% used [0x00000000ebe00000,0x00000000ebe00000,0x00000000ec400000)
 ParOldGen       total 117248K, used 105630K [0x00000000c0000000, 0x00000000c7280000, 0x00000000eab00000)
  object space 117248K, 90% used [0x00000000c0000000,0x00000000c6727b88,0x00000000c7280000)
 Metaspace       used 100359K, committed 101696K, reserved 1179648K
  class space    used 10417K, committed 11008K, reserved 1048576K
}
Event: 1301.834 GC heap before
{Heap before GC invocations=3930 (full 111):
 PSYoungGen      total 23552K, used 23487K [0x00000000eab00000, 0x00000000eca00000, 0x0000000100000000)
  eden space 17920K, 100% used [0x00000000eab00000,0x00000000ebc80000,0x00000000ebc80000)
  from space 5632K, 98% used [0x00000000ec480000,0x00000000ec9eff38,0x00000000eca00000)
  to   space 6144K, 0% used [0x00000000ebe00000,0x00000000ebe00000,0x00000000ec400000)
 ParOldGen       total 117248K, used 105630K [0x00000000c0000000, 0x00000000c7280000, 0x00000000eab00000)
  object space 117248K, 90% used [0x00000000c0000000,0x00000000c6727b88,0x00000000c7280000)
 Metaspace       used 100359K, committed 101696K, reserved 1179648K
  class space    used 10417K, committed 11008K, reserved 1048576K
}
Event: 1301.837 GC heap after
{Heap after GC invocations=3930 (full 111):
 PSYoungGen      total 24064K, used 5637K [0x00000000eab00000, 0x00000000ec880000, 0x0000000100000000)
  eden space 17920K, 0% used [0x00000000eab00000,0x00000000eab00000,0x00000000ebc80000)
  from space 6144K, 91% used [0x00000000ebe00000,0x00000000ec381538,0x00000000ec400000)
  to   space 4608K, 0% used [0x00000000ec400000,0x00000000ec400000,0x00000000ec880000)
 ParOldGen       total 117248K, used 105630K [0x00000000c0000000, 0x00000000c7280000, 0x00000000eab00000)
  object space 117248K, 90% used [0x00000000c0000000,0x00000000c6727b88,0x00000000c7280000)
 Metaspace       used 100359K, committed 101696K, reserved 1179648K
  class space    used 10417K, committed 11008K, reserved 1048576K
}
Event: 1301.888 GC heap before
{Heap before GC invocations=3931 (full 111):
 PSYoungGen      total 24064K, used 23557K [0x00000000eab00000, 0x00000000ec880000, 0x0000000100000000)
  eden space 17920K, 100% used [0x00000000eab00000,0x00000000ebc80000,0x00000000ebc80000)
  from space 6144K, 91% used [0x00000000ebe00000,0x00000000ec381538,0x00000000ec400000)
  to   space 4608K, 0% used [0x00000000ec400000,0x00000000ec400000,0x00000000ec880000)
 ParOldGen       total 117248K, used 105630K [0x00000000c0000000, 0x00000000c7280000, 0x00000000eab00000)
  object space 117248K, 90% used [0x00000000c0000000,0x00000000c6727b88,0x00000000c7280000)
 Metaspace       used 100364K, committed 101696K, reserved 1179648K
  class space    used 10417K, committed 11008K, reserved 1048576K
}
Event: 1301.891 GC heap after
{Heap after GC invocations=3931 (full 111):
 PSYoungGen      total 22528K, used 4592K [0x00000000eab00000, 0x00000000eca80000, 0x0000000100000000)
  eden space 17920K, 0% used [0x00000000eab00000,0x00000000eab00000,0x00000000ebc80000)
  from space 4608K, 99% used [0x00000000ec400000,0x00000000ec87c1b0,0x00000000ec880000)
  to   space 7168K, 0% used [0x00000000ebc80000,0x00000000ebc80000,0x00000000ec380000)
 ParOldGen       total 117248K, used 107668K [0x00000000c0000000, 0x00000000c7280000, 0x00000000eab00000)
  object space 117248K, 91% used [0x00000000c0000000,0x00000000c6925088,0x00000000c7280000)
 Metaspace       used 100364K, committed 101696K, reserved 1179648K
  class space    used 10417K, committed 11008K, reserved 1048576K
}
Event: 1302.467 GC heap before
{Heap before GC invocations=3932 (full 111):
 PSYoungGen      total 22528K, used 22512K [0x00000000eab00000, 0x00000000eca80000, 0x0000000100000000)
  eden space 17920K, 100% used [0x00000000eab00000,0x00000000ebc80000,0x00000000ebc80000)
  from space 4608K, 99% used [0x00000000ec400000,0x00000000ec87c1b0,0x00000000ec880000)
  to   space 7168K, 0% used [0x00000000ebc80000,0x00000000ebc80000,0x00000000ec380000)
 ParOldGen       total 117248K, used 107668K [0x00000000c0000000, 0x00000000c7280000, 0x00000000eab00000)
  object space 117248K, 91% used [0x00000000c0000000,0x00000000c6925088,0x00000000c7280000)
 Metaspace       used 100364K, committed 101696K, reserved 1179648K
  class space    used 10417K, committed 11008K, reserved 1048576K
}
Event: 1302.476 GC heap after
{Heap after GC invocations=3932 (full 111):
 PSYoungGen      total 23552K, used 5194K [0x00000000eab00000, 0x00000000ec880000, 0x0000000100000000)
  eden space 17920K, 0% used [0x00000000eab00000,0x00000000eab00000,0x00000000ebc80000)
  from space 5632K, 92% used [0x00000000ebc80000,0x00000000ec192b70,0x00000000ec200000)
  to   space 6144K, 0% used [0x00000000ec280000,0x00000000ec280000,0x00000000ec880000)
 ParOldGen       total 117248K, used 107668K [0x00000000c0000000, 0x00000000c7280000, 0x00000000eab00000)
  object space 117248K, 91% used [0x00000000c0000000,0x00000000c6925088,0x00000000c7280000)
 Metaspace       used 100364K, committed 101696K, reserved 1179648K
  class space    used 10417K, committed 11008K, reserved 1048576K
}

